<?xml version="1.0" encoding="UTF-8"?>
<!-- Generated by org.testng.reporters.JUnitReportReporter -->
<testsuite hostname="AMGBLR2009-LT" failures="0" tests="1" name="tv.onDemand.customer.Delete" time="29.871" errors="0" timestamp="2022-10-20T13:16:18 IST" skipped="0">
  <testcase classname="tv.onDemand.customer.Delete" name="dlete" time="29.871"/>
  <system-out/>
</testsuite> <!-- tv.onDemand.customer.Delete -->
