<?xml version="1.0" encoding="UTF-8"?>
<!-- Generated by org.testng.reporters.JUnitReportReporter -->
<testsuite hostname="AMGBLR2009-LT" failures="0" tests="1" name="tv.ondemand.Users.GetSpecifiedUserDetails" time="8.160" errors="0" timestamp="2022-11-29T11:52:49 IST" skipped="0">
  <testcase classname="tv.ondemand.Users.GetSpecifiedUserDetails" name="getUserDetaild" time="8.160"/>
  <system-out/>
</testsuite> <!-- tv.ondemand.Users.GetSpecifiedUserDetails -->
