<?xml version="1.0" encoding="UTF-8"?>
<!-- Generated by org.testng.reporters.JUnitReportReporter -->
<testsuite hostname="AMGBLR2009-LT" failures="0" tests="1" name="tv.onDemand.endToend.Customer" time="0.448" errors="0" timestamp="2022-09-28T13:17:31 IST" skipped="0">
  <testcase classname="tv.onDemand.endToend.Customer" name="deleteTheVODCustomer" time="0.448"/>
  <system-out/>
</testsuite> <!-- tv.onDemand.endToend.Customer -->
