<?xml version="1.0" encoding="UTF-8"?>
<!-- Generated by org.testng.reporters.JUnitReportReporter -->
<testsuite hostname="AMGBLR2009-LT" failures="0" tests="1" name="tv.onDemand.endToend.delete" time="0.294" errors="0" timestamp="2022-07-21T17:48:58 IST" skipped="0">
  <testcase classname="tv.onDemand.endToend.delete" name="dld" time="0.294"/>
  <system-out/>
</testsuite> <!-- tv.onDemand.endToend.delete -->
