<?xml version="1.0" encoding="UTF-8"?>
<!-- Generated by org.testng.reporters.JUnitReportReporter -->
<testsuite hostname="AMGBLR2009-LT" failures="0" tests="6" name="tv.onDemand.endToend.AmagiCSV" time="7.835" errors="0" timestamp="2022-07-18T19:47:18 IST" skipped="0">
  <testcase classname="tv.onDemand.endToend.AmagiCSV" name="configCustomer" time="1.002"/>
  <system-out/>
  <testcase classname="tv.onDemand.endToend.AmagiCSV" name="userRoles" time="0.645"/>
  <system-out/>
  <testcase classname="tv.onDemand.endToend.AmagiCSV" name="registerUser" time="1.826"/>
  <system-out/>
  <testcase classname="tv.onDemand.endToend.AmagiCSV" name="getSpecifiedUserDetails" time="1.864"/>
  <system-out/>
  <testcase classname="tv.onDemand.endToend.AmagiCSV" name="updateUser" time="0.660"/>
  <system-out/>
  <testcase classname="tv.onDemand.endToend.AmagiCSV" name="deleteUser" time="1.838"/>
  <system-out/>
</testsuite> <!-- tv.onDemand.endToend.AmagiCSV -->
