<?xml version="1.0" encoding="UTF-8"?>
<!-- Generated by org.testng.reporters.JUnitReportReporter -->
<testsuite hostname="AMGBLR2009-LT" failures="0" tests="1" name="tv.onDemand.customer.Customer" time="0.949" errors="0" timestamp="2022-07-23T17:53:16 IST" skipped="0">
  <testcase classname="tv.onDemand.customer.Customer" name="createCustomer" time="0.949"/>
  <system-out/>
</testsuite> <!-- tv.onDemand.customer.Customer -->
