<?xml version="1.0" encoding="UTF-8"?>
<!-- Generated by org.testng.reporters.JUnitReportReporter -->
<testsuite hostname="AMGBLR2009-LT" failures="0" tests="1" name="tv.ondemand.Users.ListOfUsers" time="6.547" errors="0" timestamp="2022-11-29T11:57:48 IST" skipped="0">
  <testcase classname="tv.ondemand.Users.ListOfUsers" name="listOfUsers" time="6.547"/>
  <system-out/>
</testsuite> <!-- tv.ondemand.Users.ListOfUsers -->
